2014/11/06 00:04:15 dbConf.go:54 InitModel(): [Info] [---------------------> 注册表结构 <------------------------------]
2014/11/06 00:04:15 dbConf.go:60 InitModel(): [Info] [注册表结构失败： Error 1045: Access denied for user 'root'@'localhost' (using password: YES)]
2014/11/06 00:04:15 main.go:16 func·001(): [Info] [初始化环境]
2014/11/06 00:04:15 main.go:28 shutDownServer(): [Info] [shutDownRoute started]
2014/11/06 01:47:24 dbConf.go:54 InitModel(): [Info] [---------------------> 注册表结构 <------------------------------]
2014/11/06 01:47:45 dbConf.go:54 InitModel(): [Info] [---------------------> 注册表结构 <------------------------------]
2014/11/06 01:47:45 dbConf.go:60 InitModel(): [Info] [注册表结构失败： Error 1045: Access denied for user 'root'@'14.146.246.70' (using password: YES)]
2014/11/06 01:48:20 dbConf.go:54 InitModel(): [Info] [---------------------> 注册表结构 <------------------------------]
2014/11/06 01:48:20 dbConf.go:60 InitModel(): [Info] [注册表结构失败： Error 1045: Access denied for user 'root'@'14.146.246.70' (using password: YES)]
2014/11/06 01:49:14 dbConf.go:54 InitModel(): [Info] [---------------------> 注册表结构 <------------------------------]
2014/11/06 01:49:14 dbConf.go:60 InitModel(): [Info] [注册表结构失败： Error 1045: Access denied for user 'zhj'@'14.146.246.70' (using password: YES)]
2014/11/06 01:50:57 dbConf.go:54 InitModel(): [Info] [---------------------> 注册表结构 <------------------------------]
2014/11/06 01:51:26 dbConf.go:54 InitModel(): [Info] [---------------------> 注册表结构 <------------------------------]
2014/11/06 01:51:51 dbConf.go:54 InitModel(): [Info] [---------------------> 注册表结构 <------------------------------]
2014/11/06 01:52:28 dbConf.go:54 InitModel(): [Info] [---------------------> 注册表结构 <------------------------------]
2014/11/06 01:53:45 dbConf.go:54 InitModel(): [Info] [---------------------> 注册表结构 <------------------------------]
2014/11/06 01:55:20 dbConf.go:54 InitModel(): [Info] [---------------------> 注册表结构 <------------------------------]
2014/11/06 01:55:21 dbConf.go:60 InitModel(): [Info] [注册表结构失败： Error 1075: Incorrect table definition; there can be only one auto column and it must be defined as a key]
2014/11/06 01:55:34 dbConf.go:54 InitModel(): [Info] [---------------------> 注册表结构 <------------------------------]
2014/11/06 01:55:34 dbConf.go:61 InitModel(): [Info] [注册表结构失败： Error 1075: Incorrect table definition; there can be only one auto column and it must be defined as a key]
2014/11/06 02:16:38 dbConf.go:54 InitModel(): [Info] [---------------------> 注册表结构 <------------------------------]
2014/11/06 02:16:40 Logindao.go:15 isAccountExist(): [Debug] [isAccountExist]
2014/11/06 02:20:26 dbConf.go:54 InitModel(): [Info] [---------------------> 注册表结构 <------------------------------]
2014/11/06 02:20:28 Logindao.go:15 isAccountExist(): [Info] [isAccountExist]
2014/11/06 02:20:28 Logindao.go:24 IsLoginOk(): [Info] [IsLoginOk]
2014/11/06 02:25:27 dbConf.go:54 InitModel(): [Info] [---------------------> 注册表结构 <------------------------------]
2014/11/06 02:25:28 Logindao.go:29 isAccountExist(): [Info] [isAccountExist]
2014/11/06 02:25:28 Logindao.go:38 isLoginOk(): [Info] [IsLoginOk]
2014/11/06 02:25:29 Logindao.go:29 isAccountExist(): [Info] [isAccountExist]
2014/11/06 02:25:29 Logindao.go:38 isLoginOk(): [Info] [IsLoginOk]
2014/11/06 02:33:53 dbConf.go:54 InitModel(): [Info] [---------------------> 注册表结构 <------------------------------]
2014/11/06 02:33:55 main.go:16 func·001(): [Info] [初始化环境]
2014/11/06 02:33:55 main.go:28 shutDownServer(): [Info] [shutDownRoute started]
2014/11/06 02:48:56 dbConf.go:54 InitModel(): [Info] [---------------------> 注册表结构 <------------------------------]
2014/11/06 02:48:57 main.go:16 func·001(): [Info] [初始化环境]
2014/11/06 02:48:57 main.go:28 shutDownServer(): [Info] [shutDownRoute started]
2014/11/06 02:52:35 dbConf.go:54 InitModel(): [Info] [---------------------> 注册表结构 <------------------------------]
2014/11/06 02:52:36 main.go:16 func·001(): [Info] [初始化环境]
2014/11/06 02:52:36 main.go:28 shutDownServer(): [Info] [shutDownRoute started]
2014/11/06 03:08:10 Logindao.go:29 isAccountExist(): [Info] [isAccountExist]
2014/11/06 03:08:16 Logindao.go:29 isAccountExist(): [Info] [isAccountExist]
2014/11/06 03:08:16 Logindao.go:38 isLoginOk(): [Info] [IsLoginOk]
2014/11/06 03:09:20 Logindao.go:29 isAccountExist(): [Info] [isAccountExist]
2014/11/06 03:09:20 Logindao.go:38 isLoginOk(): [Info] [IsLoginOk]
2014/11/06 03:26:30 dbConf.go:54 InitModel(): [Info] [---------------------> 注册表结构 <------------------------------]
2014/11/06 03:26:32 main.go:16 func·001(): [Info] [初始化环境]
2014/11/06 03:26:32 main.go:28 shutDownServer(): [Info] [shutDownRoute started]
2014/11/06 03:29:25 dbConf.go:54 InitModel(): [Info] [---------------------> 注册表结构 <------------------------------]
2014/11/06 03:29:27 main.go:16 func·001(): [Info] [初始化环境]
2014/11/06 03:29:27 main.go:28 shutDownServer(): [Info] [shutDownRoute started]
